Build started 2015/3/25 16:25:28.
     1>Project "E:\Program\C++\Cbc-2.7.7\Cbc-2.7.7\Cbc\MSVisualStudio\v10\cbcExamplesSample2\cbcExamplesSample2.vcxproj" on node 4 (Build target(s)).
     1>ClCompile:
         E:\Program Files\Microsoft Visual Studio 12.0\VC\bin\CL.exe /c /I..\..\..\..\Cbc\src\ /I..\..\..\..\Cgl\src\CglResidualCapacity /I..\..\..\..\Cgl\src\CglLandP /I..\..\..\..\Cgl\src\CglTwomir /I..\..\..\..\Cgl\src\CglMixedIntegerRounding /I..\..\..\..\Cgl\src\CglMixedIntegerRounding2 /I..\..\..\..\Cgl\src\CglFlowCover /I..\..\..\..\Cgl\src\CglClique /I..\..\..\..\Cgl\src\CglOddHole /I..\..\..\..\Cgl\src\CglKnapsackCover /I..\..\..\..\Cgl\src\CglGomory /I..\..\..\..\Cgl\src\CglPreProcess /I..\..\..\..\Cgl\src\CglDuplicateRow /I..\..\..\..\Cgl\src\CglRedSplit /I..\..\..\..\Cgl\src\CglProbing /I..\..\..\..\Cgl\src /I..\..\..\..\Clp\src /I..\..\..\..\Clp\src\OsiClp /I..\..\..\..\Osi\src\Osi /I..\..\..\..\CoinUtils\src /I..\..\..\..\BuildTools\headers /I. /Zi /nologo /W3 /WX- /O2 /Ob1 /Oy- /D CBC_BUILD /D WIN32 /D NDEBUG /D _NDEBUG /D COIN_FAST_CODE /D CLP_FAST_CODE /D COIN_NO_TEST_DUPLICATE /D _CONSOLE /D _CRT_SECURE_NO_WARNINGS /D _CRT_SECURE_NO_DEPRECATE /D "SAMPLEDIR=\"..\\..\\..\\..\\Data\\Sample\"" /D _VC80_UPGRADE=0x0710 /D _MBCS /GF /Gm- /EHsc /MD /GS /Gy /fp:precise /Zc:wchar_t /Zc:forScope /GR /Fo"Win32\Release\\" /Fd"Win32\Release\vc90.pdb" /Gd /TP /analyze- /errorReport:prompt ..\..\..\examples\CbcBranchUser.cpp ..\..\..\examples\CbcCompareUser.cpp ..\..\..\examples\sample2.cpp
         CbcBranchUser.cpp
         CbcCompareUser.cpp
         sample2.cpp
         Generating Code...
         E:\Program Files\Microsoft Visual Studio 12.0\VC\bin\CL.exe /c /I..\..\..\..\Cbc\src\ /I..\..\..\..\Cgl\src\CglResidualCapacity /I..\..\..\..\Cgl\src\CglLandP /I..\..\..\..\Cgl\src\CglTwomir /I..\..\..\..\Cgl\src\CglMixedIntegerRounding /I..\..\..\..\Cgl\src\CglMixedIntegerRounding2 /I..\..\..\..\Cgl\src\CglFlowCover /I..\..\..\..\Cgl\src\CglClique /I..\..\..\..\Cgl\src\CglOddHole /I..\..\..\..\Cgl\src\CglKnapsackCover /I..\..\..\..\Cgl\src\CglGomory /I..\..\..\..\Cgl\src\CglPreProcess /I..\..\..\..\Cgl\src\CglDuplicateRow /I..\..\..\..\Cgl\src\CglRedSplit /I..\..\..\..\Cgl\src\CglProbing /I..\..\..\..\Cgl\src /I..\..\..\..\Clp\src /I..\..\..\..\Clp\src\OsiClp /I..\..\..\..\Osi\src\Osi /I..\..\..\..\CoinUtils\src /I..\..\..\..\BuildTools\headers /I. /Zi /nologo /W3 /WX- /O2 /Ob1 /Oy- /D CBC_BUILD /D WIN32 /D NDEBUG /D _NDEBUG /D COIN_FAST_CODE /D CLP_FAST_CODE /D COIN_NO_TEST_DUPLICATE /D _CONSOLE /D _CRT_SECURE_NO_WARNINGS /D _CRT_SECURE_NO_DEPRECATE /D "SAMPLEDIR=\"..\\..\\..\\..\\Data\\Sample\"" /D _VC80_UPGRADE=0x0710 /D _MBCS /GF /Gm- /EHsc /MD /GS /Gy /fp:precise /Zc:wchar_t /Zc:forScope /GR /Fo".\Release/" /Fd".\Release/vc120.pdb" /Gd /TP /analyze- /errorReport:prompt ..\..\..\src\CbcCbcParam.cpp ..\..\..\src\CbcLinked.cpp ..\..\..\src\CbcLinkedUtils.cpp ..\..\..\src\CbcSolver.cpp ..\..\..\src\CbcSolverAnalyze.cpp ..\..\..\src\CbcSolverExpandKnapsack.cpp ..\..\..\src\CbcSolverHeuristics.cpp ..\..\..\src\unitTestClp.cpp
         CbcCbcParam.cpp
         CbcLinked.cpp
         CbcLinkedUtils.cpp
         CbcSolver.cpp
         CbcSolverAnalyze.cpp
         CbcSolverExpandKnapsack.cpp
         CbcSolverHeuristics.cpp
         unitTestClp.cpp
         Generating Code...
       Link:
         E:\Program Files\Microsoft Visual Studio 12.0\VC\bin\link.exe /ERRORREPORT:PROMPT /OUT:"E:\Program\C++\Cbc-2.7.7\Cbc-2.7.7\Cbc\MSVisualStudio\v10\Win32\Release\cbcExamplesSample2.exe" /INCREMENTAL:NO /NOLOGO /LIBPATH:"E:\Program\C++\Cbc-2.7.7\Cbc-2.7.7\Cbc\MSVisualStudio\v10\Win32\Release\\" libCoinUtils.lib libOsi.lib libClp.lib libOsiClp.lib libCgl.lib libCbc.lib kernel32.lib user32.lib gdi32.lib winspool.lib comdlg32.lib advapi32.lib shell32.lib ole32.lib oleaut32.lib uuid.lib odbc32.lib odbccp32.lib /MANIFEST /MANIFESTUAC:"level='asInvoker' uiAccess='false'" /manifest:embed /PDB:".\Release/cbcExamplesSample2.pdb" /SUBSYSTEM:CONSOLE /TLBID:1 /DYNAMICBASE:NO /IMPLIB:"E:\Program\C++\Cbc-2.7.7\Cbc-2.7.7\Cbc\MSVisualStudio\v10\Win32\Release\cbcExamplesSample2.lib" /MACHINE:X86 /SAFESEH Win32\Release\CbcBranchUser.obj
         Win32\Release\CbcCompareUser.obj
         Win32\Release\sample2.obj
         .\Release/CbcCbcParam.obj
         .\Release/CbcLinked.obj
         .\Release/CbcLinkedUtils.obj
         .\Release/CbcSolver.obj
         .\Release/CbcSolverAnalyze.obj
         .\Release/CbcSolverExpandKnapsack.obj
         .\Release/CbcSolverHeuristics.obj
         .\Release/unitTestClp.obj
         cbcExamplesSample2.vcxproj -> E:\Program\C++\Cbc-2.7.7\Cbc-2.7.7\Cbc\MSVisualStudio\v10\Win32\Release\cbcExamplesSample2.exe
     1>Done Building Project "E:\Program\C++\Cbc-2.7.7\Cbc-2.7.7\Cbc\MSVisualStudio\v10\cbcExamplesSample2\cbcExamplesSample2.vcxproj" (Build target(s)).

Build succeeded.

Time Elapsed 00:01:58.55
