Build started 2015/3/25 16:22:01.
     1>Project "E:\Program\C++\Cbc-2.7.7\Cbc-2.7.7\Cbc\MSVisualStudio\v10\libCbc\libCbc.vcxproj" on node 2 (Build target(s)).
     1>ClCompile:
         E:\Program Files\Microsoft Visual Studio 12.0\VC\bin\CL.exe /c /I..\..\..\..\Cbc\src\ /I..\..\..\..\Cgl\src\CglResidualCapacity /I..\..\..\..\Cgl\src\CglLandP /I..\..\..\..\Cgl\src\CglTwomir /I..\..\..\..\Cgl\src\CglMixedIntegerRounding /I..\..\..\..\Cgl\src\CglMixedIntegerRounding2 /I..\..\..\..\Cgl\src\CglFlowCover /I..\..\..\..\Cgl\src\CglClique /I..\..\..\..\Cgl\src\CglOddHole /I..\..\..\..\Cgl\src\CglKnapsackCover /I..\..\..\..\Cgl\src\CglGomory /I..\..\..\..\Cgl\src\CglPreProcess /I..\..\..\..\Cgl\src\CglDuplicateRow /I..\..\..\..\Cgl\src\CglRedSplit /I..\..\..\..\Cgl\src\CglProbing /I..\..\..\..\Cgl\src /I..\..\..\..\Clp\src /I..\..\..\..\Clp\src\OsiClp /I..\..\..\..\Osi\src\Osi /I..\..\..\..\CoinUtils\src /I..\..\..\..\BuildTools\headers /Zi /nologo /W3 /WX- /O2 /Ob1 /Oy- /D CBC_BUILD /D WIN32 /D NDEBUG /D _NDEBUG /D COIN_FAST_CODE /D CLP_FAST_CODE /D COIN_NO_TEST_DUPLICATE /D WIN32 /D _LIB /D USE_CBCCONFIG /D COIN_NO_CLP_MESSAGE /D _CRT_SECURE_NO_WARNINGS /D _CRT_SECURE_NO_DEPRECATE /D _VC80_UPGRADE=0x0710 /D _MBCS /GF /Gm- /EHsc /MD /GS /Gy /fp:precise /Zc:wchar_t /Zc:forScope /GR /Fo"Win32\Release\\" /Fd"Win32\Release\vc120.pdb" /Gd /TP /analyze- /errorReport:prompt ..\..\..\src\CbcBranchAllDifferent.cpp ..\..\..\src\CbcBranchCut.cpp ..\..\..\src\CbcBranchDecision.cpp ..\..\..\src\CbcBranchDefaultDecision.cpp ..\..\..\src\CbcBranchDynamic.cpp ..\..\..\src\CbcBranchingObject.cpp ..\..\..\src\CbcBranchLotsize.cpp ..\..\..\src\CbcBranchToFixLots.cpp ..\..\..\src\CbcClique.cpp ..\..\..\src\CbcCompareDefault.cpp ..\..\..\src\CbcCompareDepth.cpp ..\..\..\src\CbcCompareEstimate.cpp ..\..\..\src\CbcCompareObjective.cpp ..\..\..\src\CbcConsequence.cpp ..\..\..\src\CbcCountRowCut.cpp ..\..\..\src\CbcCutGenerator.cpp ..\..\..\src\CbcCutModifier.cpp ..\..\..\src\CbcCutSubsetModifier.cpp ..\..\..\src\CbcDummyBranchingObject.cpp ..\..\..\src\CbcEventHandler.cpp ..\..\..\src\CbcFathom.cpp ..\..\..\src\CbcFathomDynamicProgramming.cpp ..\..\..\src\CbcFixVariable.cpp ..\..\..\src\CbcFollowOn.cpp ..\..\..\src\CbcFullNodeInfo.cpp ..\..\..\src\CbcGeneral.cpp ..\..\..\src\CbcGeneralDepth.cpp ..\..\..\src\CbcHeuristic.cpp ..\..\..\src\CbcHeuristicDINS.cpp ..\..\..\src\CbcHeuristicDive.cpp ..\..\..\src\CbcHeuristicDiveCoefficient.cpp ..\..\..\src\CbcHeuristicDiveFractional.cpp ..\..\..\src\CbcHeuristicDiveGuided.cpp ..\..\..\src\CbcHeuristicDiveLineSearch.cpp ..\..\..\src\CbcHeuristicDivePseudoCost.cpp ..\..\..\src\CbcHeuristicDiveVectorLength.cpp ..\..\..\src\CbcHeuristicFPump.cpp ..\..\..\src\CbcHeuristicGreedy.cpp ..\..\..\src\CbcHeuristicLocal.cpp ..\..\..\src\CbcHeuristicPivotAndFix.cpp ..\..\..\src\CbcHeuristicRandRound.cpp ..\..\..\src\CbcHeuristicRENS.cpp ..\..\..\src\CbcHeuristicRINS.cpp ..\..\..\src\CbcHeuristicVND.cpp ..\..\..\src\CbcMessage.cpp ..\..\..\src\CbcModel.cpp ..\..\..\src\CbcNode.cpp ..\..\..\src\CbcNodeInfo.cpp ..\..\..\src\CbcNWay.cpp ..\..\..\src\CbcObject.cpp ..\..\..\src\CbcObjectUpdateData.cpp ..\..\..\src\CbcParam.cpp ..\..\..\src\CbcPartialNodeInfo.cpp ..\..\..\src\CbcSimpleInteger.cpp ..\..\..\src\CbcSimpleIntegerDynamicPseudoCost.cpp ..\..\..\src\CbcSimpleIntegerPseudoCost.cpp ..\..\..\src\CbcSOS.cpp ..\..\..\src\CbcStatistics.cpp ..\..\..\src\CbcStrategy.cpp ..\..\..\src\CbcSubProblem.cpp ..\..\..\src\CbcThread.cpp ..\..\..\src\CbcTree.cpp ..\..\..\src\CbcTreeLocal.cpp
         CbcBranchAllDifferent.cpp
         CbcBranchCut.cpp
         CbcBranchDecision.cpp
         CbcBranchDefaultDecision.cpp
         CbcBranchDynamic.cpp
         CbcBranchingObject.cpp
         CbcBranchLotsize.cpp
         CbcBranchToFixLots.cpp
         CbcClique.cpp
         CbcCompareDefault.cpp
         CbcCompareDepth.cpp
         CbcCompareEstimate.cpp
         CbcCompareObjective.cpp
         CbcConsequence.cpp
         CbcCountRowCut.cpp
         CbcCutGenerator.cpp
         CbcCutModifier.cpp
         CbcCutSubsetModifier.cpp
         CbcDummyBranchingObject.cpp
         CbcEventHandler.cpp
         Generating Code...
         Compiling...
         CbcFathom.cpp
         CbcFathomDynamicProgramming.cpp
         CbcFixVariable.cpp
         CbcFollowOn.cpp
         CbcFullNodeInfo.cpp
         CbcGeneral.cpp
         CbcGeneralDepth.cpp
         CbcHeuristic.cpp
         CbcHeuristicDINS.cpp
         CbcHeuristicDive.cpp
         CbcHeuristicDiveCoefficient.cpp
         CbcHeuristicDiveFractional.cpp
         CbcHeuristicDiveGuided.cpp
         CbcHeuristicDiveLineSearch.cpp
         CbcHeuristicDivePseudoCost.cpp
         CbcHeuristicDiveVectorLength.cpp
         CbcHeuristicFPump.cpp
         CbcHeuristicGreedy.cpp
         CbcHeuristicLocal.cpp
         CbcHeuristicPivotAndFix.cpp
         Generating Code...
         Compiling...
         CbcHeuristicRandRound.cpp
         CbcHeuristicRENS.cpp
         CbcHeuristicRINS.cpp
         CbcHeuristicVND.cpp
         CbcMessage.cpp
         CbcModel.cpp
         CbcNode.cpp
         CbcNodeInfo.cpp
         CbcNWay.cpp
         CbcObject.cpp
         CbcObjectUpdateData.cpp
         CbcParam.cpp
         CbcPartialNodeInfo.cpp
         CbcSimpleInteger.cpp
         CbcSimpleIntegerDynamicPseudoCost.cpp
         CbcSimpleIntegerPseudoCost.cpp
         CbcSOS.cpp
         CbcStatistics.cpp
         CbcStrategy.cpp
         CbcSubProblem.cpp
         Generating Code...
         Compiling...
         CbcThread.cpp
         CbcTree.cpp
         CbcTreeLocal.cpp
         Generating Code...
       Lib:
         E:\Program Files\Microsoft Visual Studio 12.0\VC\bin\Lib.exe /OUT:"E:\Program\C++\Cbc-2.7.7\Cbc-2.7.7\Cbc\MSVisualStudio\v10\Win32\Release\libCbc.lib" /NOLOGO Win32\Release\CbcBranchAllDifferent.obj
         Win32\Release\CbcBranchCut.obj
         Win32\Release\CbcBranchDecision.obj
         Win32\Release\CbcBranchDefaultDecision.obj
         Win32\Release\CbcBranchDynamic.obj
         Win32\Release\CbcBranchingObject.obj
         Win32\Release\CbcBranchLotsize.obj
         Win32\Release\CbcBranchToFixLots.obj
         Win32\Release\CbcClique.obj
         Win32\Release\CbcCompareDefault.obj
         Win32\Release\CbcCompareDepth.obj
         Win32\Release\CbcCompareEstimate.obj
         Win32\Release\CbcCompareObjective.obj
         Win32\Release\CbcConsequence.obj
         Win32\Release\CbcCountRowCut.obj
         Win32\Release\CbcCutGenerator.obj
         Win32\Release\CbcCutModifier.obj
         Win32\Release\CbcCutSubsetModifier.obj
         Win32\Release\CbcDummyBranchingObject.obj
         Win32\Release\CbcEventHandler.obj
         Win32\Release\CbcFathom.obj
         Win32\Release\CbcFathomDynamicProgramming.obj
         Win32\Release\CbcFixVariable.obj
         Win32\Release\CbcFollowOn.obj
         Win32\Release\CbcFullNodeInfo.obj
         Win32\Release\CbcGeneral.obj
         Win32\Release\CbcGeneralDepth.obj
         Win32\Release\CbcHeuristic.obj
         Win32\Release\CbcHeuristicDINS.obj
         Win32\Release\CbcHeuristicDive.obj
         Win32\Release\CbcHeuristicDiveCoefficient.obj
         Win32\Release\CbcHeuristicDiveFractional.obj
         Win32\Release\CbcHeuristicDiveGuided.obj
         Win32\Release\CbcHeuristicDiveLineSearch.obj
         Win32\Release\CbcHeuristicDivePseudoCost.obj
         Win32\Release\CbcHeuristicDiveVectorLength.obj
         Win32\Release\CbcHeuristicFPump.obj
         Win32\Release\CbcHeuristicGreedy.obj
         Win32\Release\CbcHeuristicLocal.obj
         Win32\Release\CbcHeuristicPivotAndFix.obj
         Win32\Release\CbcHeuristicRandRound.obj
         Win32\Release\CbcHeuristicRENS.obj
         Win32\Release\CbcHeuristicRINS.obj
         Win32\Release\CbcHeuristicVND.obj
         Win32\Release\CbcMessage.obj
         Win32\Release\CbcModel.obj
         Win32\Release\CbcNode.obj
         Win32\Release\CbcNodeInfo.obj
         Win32\Release\CbcNWay.obj
         Win32\Release\CbcObject.obj
         Win32\Release\CbcObjectUpdateData.obj
         Win32\Release\CbcParam.obj
         Win32\Release\CbcPartialNodeInfo.obj
         Win32\Release\CbcSimpleInteger.obj
         Win32\Release\CbcSimpleIntegerDynamicPseudoCost.obj
         Win32\Release\CbcSimpleIntegerPseudoCost.obj
         Win32\Release\CbcSOS.obj
         Win32\Release\CbcStatistics.obj
         Win32\Release\CbcStrategy.obj
         Win32\Release\CbcSubProblem.obj
         Win32\Release\CbcThread.obj
         Win32\Release\CbcTree.obj
         Win32\Release\CbcTreeLocal.obj
         libCbc.vcxproj -> E:\Program\C++\Cbc-2.7.7\Cbc-2.7.7\Cbc\MSVisualStudio\v10\Win32\Release\libCbc.lib
     1>Done Building Project "E:\Program\C++\Cbc-2.7.7\Cbc-2.7.7\Cbc\MSVisualStudio\v10\libCbc\libCbc.vcxproj" (Build target(s)).

Build succeeded.

Time Elapsed 00:03:26.76
