Build started 2015/3/25 16:18:03.
     1>Project "E:\Program\C++\Cbc-2.7.7\Cbc-2.7.7\Cbc\MSVisualStudio\v10\libCbc\libCbc.vcxproj" on node 2 (Build target(s)).
     1>ClCompile:
         E:\Program Files\Microsoft Visual Studio 12.0\VC\bin\CL.exe /c /I..\..\..\..\Cbc\src\ /I..\..\..\..\Cgl\src\CglResidualCapacity /I..\..\..\..\Cgl\src\CglLandP /I..\..\..\..\Cgl\src\CglTwomir /I..\..\..\..\Cgl\src\CglMixedIntegerRounding /I..\..\..\..\Cgl\src\CglMixedIntegerRounding2 /I..\..\..\..\Cgl\src\CglFlowCover /I..\..\..\..\Cgl\src\CglClique /I..\..\..\..\Cgl\src\CglOddHole /I..\..\..\..\Cgl\src\CglKnapsackCover /I..\..\..\..\Cgl\src\CglGomory /I..\..\..\..\Cgl\src\CglPreProcess /I..\..\..\..\Cgl\src\CglDuplicateRow /I..\..\..\..\Cgl\src\CglRedSplit /I..\..\..\..\Cgl\src\CglProbing /I..\..\..\..\Cgl\src /I..\..\..\..\Clp\src /I..\..\..\..\Clp\src\OsiClp /I..\..\..\..\Osi\src\Osi /I..\..\..\..\CoinUtils\src /I..\..\..\..\BuildTools\headers /ZI /nologo /W3 /WX- /Od /Oy- /D CBC_BUILD /D WIN32 /D _DEBUG /D _LIB /D USE_CBCCONFIG /D COIN_NO_CLP_MESSAGE /D _CRT_SECURE_NO_WARNINGS /D _CRT_SECURE_NO_DEPRECATE /D _VC80_UPGRADE=0x0710 /D _MBCS /Gm /EHsc /RTC1 /MDd /GS /fp:precise /Zc:wchar_t /Zc:forScope /GR /Fo"Win32\Debug\\" /Fd"Win32\Debug\vc120.pdb" /Gd /TP /analyze- /errorReport:prompt ..\..\..\src\CbcBranchAllDifferent.cpp ..\..\..\src\CbcBranchCut.cpp ..\..\..\src\CbcBranchDecision.cpp ..\..\..\src\CbcBranchDefaultDecision.cpp ..\..\..\src\CbcBranchDynamic.cpp ..\..\..\src\CbcBranchingObject.cpp ..\..\..\src\CbcBranchLotsize.cpp ..\..\..\src\CbcBranchToFixLots.cpp ..\..\..\src\CbcClique.cpp ..\..\..\src\CbcCompareDefault.cpp ..\..\..\src\CbcCompareDepth.cpp ..\..\..\src\CbcCompareEstimate.cpp ..\..\..\src\CbcCompareObjective.cpp ..\..\..\src\CbcConsequence.cpp ..\..\..\src\CbcCountRowCut.cpp ..\..\..\src\CbcCutGenerator.cpp ..\..\..\src\CbcCutModifier.cpp ..\..\..\src\CbcCutSubsetModifier.cpp ..\..\..\src\CbcDummyBranchingObject.cpp ..\..\..\src\CbcEventHandler.cpp ..\..\..\src\CbcFathom.cpp ..\..\..\src\CbcFathomDynamicProgramming.cpp ..\..\..\src\CbcFixVariable.cpp ..\..\..\src\CbcFollowOn.cpp ..\..\..\src\CbcFullNodeInfo.cpp ..\..\..\src\CbcGeneral.cpp ..\..\..\src\CbcGeneralDepth.cpp ..\..\..\src\CbcHeuristic.cpp ..\..\..\src\CbcHeuristicDINS.cpp ..\..\..\src\CbcHeuristicDive.cpp ..\..\..\src\CbcHeuristicDiveCoefficient.cpp ..\..\..\src\CbcHeuristicDiveFractional.cpp ..\..\..\src\CbcHeuristicDiveGuided.cpp ..\..\..\src\CbcHeuristicDiveLineSearch.cpp ..\..\..\src\CbcHeuristicDivePseudoCost.cpp ..\..\..\src\CbcHeuristicDiveVectorLength.cpp ..\..\..\src\CbcHeuristicFPump.cpp ..\..\..\src\CbcHeuristicGreedy.cpp ..\..\..\src\CbcHeuristicLocal.cpp ..\..\..\src\CbcHeuristicPivotAndFix.cpp ..\..\..\src\CbcHeuristicRandRound.cpp ..\..\..\src\CbcHeuristicRENS.cpp ..\..\..\src\CbcHeuristicRINS.cpp ..\..\..\src\CbcHeuristicVND.cpp ..\..\..\src\CbcMessage.cpp ..\..\..\src\CbcModel.cpp ..\..\..\src\CbcNode.cpp ..\..\..\src\CbcNodeInfo.cpp ..\..\..\src\CbcNWay.cpp ..\..\..\src\CbcObject.cpp ..\..\..\src\CbcObjectUpdateData.cpp ..\..\..\src\CbcParam.cpp ..\..\..\src\CbcPartialNodeInfo.cpp ..\..\..\src\CbcSimpleInteger.cpp ..\..\..\src\CbcSimpleIntegerDynamicPseudoCost.cpp ..\..\..\src\CbcSimpleIntegerPseudoCost.cpp ..\..\..\src\CbcSOS.cpp ..\..\..\src\CbcStatistics.cpp ..\..\..\src\CbcStrategy.cpp ..\..\..\src\CbcSubProblem.cpp ..\..\..\src\CbcThread.cpp ..\..\..\src\CbcTree.cpp ..\..\..\src\CbcTreeLocal.cpp
         CbcTreeLocal.cpp
         CbcTree.cpp
         CbcThread.cpp
         CbcSubProblem.cpp
         CbcStrategy.cpp
         CbcStatistics.cpp
         CbcSOS.cpp
         CbcSimpleIntegerPseudoCost.cpp
         CbcSimpleIntegerDynamicPseudoCost.cpp
         CbcSimpleInteger.cpp
         CbcPartialNodeInfo.cpp
         CbcParam.cpp
         CbcObjectUpdateData.cpp
         CbcObject.cpp
         CbcNWay.cpp
         CbcNodeInfo.cpp
         CbcNode.cpp
         CbcModel.cpp
         CbcMessage.cpp
         CbcHeuristicVND.cpp
         Generating Code...
         Compiling...
         CbcHeuristicRINS.cpp
         CbcHeuristicRENS.cpp
         CbcHeuristicRandRound.cpp
         CbcHeuristicPivotAndFix.cpp
         CbcHeuristicLocal.cpp
         CbcHeuristicGreedy.cpp
         CbcHeuristicFPump.cpp
         CbcHeuristicDiveVectorLength.cpp
         CbcHeuristicDivePseudoCost.cpp
         CbcHeuristicDiveLineSearch.cpp
         CbcHeuristicDiveGuided.cpp
         CbcHeuristicDiveFractional.cpp
         CbcHeuristicDiveCoefficient.cpp
         CbcHeuristicDive.cpp
         CbcHeuristicDINS.cpp
         CbcHeuristic.cpp
         CbcGeneralDepth.cpp
         CbcGeneral.cpp
         CbcFullNodeInfo.cpp
         CbcFollowOn.cpp
         Generating Code...
         Compiling...
         CbcFixVariable.cpp
         CbcFathomDynamicProgramming.cpp
         CbcFathom.cpp
         CbcEventHandler.cpp
         CbcDummyBranchingObject.cpp
         CbcCutSubsetModifier.cpp
         CbcCutModifier.cpp
         CbcCutGenerator.cpp
         CbcCountRowCut.cpp
         CbcConsequence.cpp
         CbcCompareObjective.cpp
         CbcCompareEstimate.cpp
         CbcCompareDepth.cpp
         CbcCompareDefault.cpp
         CbcClique.cpp
         CbcBranchToFixLots.cpp
         CbcBranchLotsize.cpp
         CbcBranchingObject.cpp
         CbcBranchDynamic.cpp
         CbcBranchDefaultDecision.cpp
         Generating Code...
         Compiling...
         CbcBranchDecision.cpp
         CbcBranchCut.cpp
         CbcBranchAllDifferent.cpp
         Generating Code...
       Lib:
         E:\Program Files\Microsoft Visual Studio 12.0\VC\bin\Lib.exe /OUT:"E:\Program\C++\Cbc-2.7.7\Cbc-2.7.7\Cbc\MSVisualStudio\v10\Win32\Debug\libCbc.lib" /NOLOGO Win32\Debug\CbcBranchAllDifferent.obj
         Win32\Debug\CbcBranchCut.obj
         Win32\Debug\CbcBranchDecision.obj
         Win32\Debug\CbcBranchDefaultDecision.obj
         Win32\Debug\CbcBranchDynamic.obj
         Win32\Debug\CbcBranchingObject.obj
         Win32\Debug\CbcBranchLotsize.obj
         Win32\Debug\CbcBranchToFixLots.obj
         Win32\Debug\CbcClique.obj
         Win32\Debug\CbcCompareDefault.obj
         Win32\Debug\CbcCompareDepth.obj
         Win32\Debug\CbcCompareEstimate.obj
         Win32\Debug\CbcCompareObjective.obj
         Win32\Debug\CbcConsequence.obj
         Win32\Debug\CbcCountRowCut.obj
         Win32\Debug\CbcCutGenerator.obj
         Win32\Debug\CbcCutModifier.obj
         Win32\Debug\CbcCutSubsetModifier.obj
         Win32\Debug\CbcDummyBranchingObject.obj
         Win32\Debug\CbcEventHandler.obj
         Win32\Debug\CbcFathom.obj
         Win32\Debug\CbcFathomDynamicProgramming.obj
         Win32\Debug\CbcFixVariable.obj
         Win32\Debug\CbcFollowOn.obj
         Win32\Debug\CbcFullNodeInfo.obj
         Win32\Debug\CbcGeneral.obj
         Win32\Debug\CbcGeneralDepth.obj
         Win32\Debug\CbcHeuristic.obj
         Win32\Debug\CbcHeuristicDINS.obj
         Win32\Debug\CbcHeuristicDive.obj
         Win32\Debug\CbcHeuristicDiveCoefficient.obj
         Win32\Debug\CbcHeuristicDiveFractional.obj
         Win32\Debug\CbcHeuristicDiveGuided.obj
         Win32\Debug\CbcHeuristicDiveLineSearch.obj
         Win32\Debug\CbcHeuristicDivePseudoCost.obj
         Win32\Debug\CbcHeuristicDiveVectorLength.obj
         Win32\Debug\CbcHeuristicFPump.obj
         Win32\Debug\CbcHeuristicGreedy.obj
         Win32\Debug\CbcHeuristicLocal.obj
         Win32\Debug\CbcHeuristicPivotAndFix.obj
         Win32\Debug\CbcHeuristicRandRound.obj
         Win32\Debug\CbcHeuristicRENS.obj
         Win32\Debug\CbcHeuristicRINS.obj
         Win32\Debug\CbcHeuristicVND.obj
         Win32\Debug\CbcMessage.obj
         Win32\Debug\CbcModel.obj
         Win32\Debug\CbcNode.obj
         Win32\Debug\CbcNodeInfo.obj
         Win32\Debug\CbcNWay.obj
         Win32\Debug\CbcObject.obj
         Win32\Debug\CbcObjectUpdateData.obj
         Win32\Debug\CbcParam.obj
         Win32\Debug\CbcPartialNodeInfo.obj
         Win32\Debug\CbcSimpleInteger.obj
         Win32\Debug\CbcSimpleIntegerDynamicPseudoCost.obj
         Win32\Debug\CbcSimpleIntegerPseudoCost.obj
         Win32\Debug\CbcSOS.obj
         Win32\Debug\CbcStatistics.obj
         Win32\Debug\CbcStrategy.obj
         Win32\Debug\CbcSubProblem.obj
         Win32\Debug\CbcThread.obj
         Win32\Debug\CbcTree.obj
         Win32\Debug\CbcTreeLocal.obj
         libCbc.vcxproj -> E:\Program\C++\Cbc-2.7.7\Cbc-2.7.7\Cbc\MSVisualStudio\v10\Win32\Debug\libCbc.lib
     1>Done Building Project "E:\Program\C++\Cbc-2.7.7\Cbc-2.7.7\Cbc\MSVisualStudio\v10\libCbc\libCbc.vcxproj" (Build target(s)).

Build succeeded.

Time Elapsed 00:02:46.25
